46826
70239
93652
117065
140478
163891
187304
210717
234130
257543
280956
304369
327782
351195
374608
398021
421434
444847
468260
491673
515086
538499
561912
585325
608738
632151
655564
678977
702390
725803
749216
772629
796042
819455
842868
866281
889694
913107
936520
959933
983346
1006759
1030172
1053585
1076998
1100411
1123824
1147237
1170650
1194063
1217476
1240889
1264302
1287715
1311128
1334541
1357954
1381367
1404780
1428193
1451606
1475019
1498432
1521845
1545258
1568671
1592084
1615497
1638910
1662323
1685736
1709149
1732562
1755975
1779388
1802801
1826214
1849627
1873040
1896453
1919866
1943279
1966692
1990105
2013518
2036931
2060344
2083757
2107170
2130583
2153996
2177409
2200822
2224235
2247648
2271061
2294474
2317887
2341300
2364713
2388126
2411539
2434952
2458365
2481778
2505191
2528604
2552017
2575430
2598843
2622256
2645669
2669082
2692495
2715908
2739321
2762734
2786147
2809560
2832973
2856386
2879799
2903212
2926625
2950038
2973451
2996864
3020277
3043690
3067103
3090516
3113929
3137342
3160755
3184168
3207581
3230994
3254407
3277820
3301233
3324646
3348059
3371472
3394885
3418298
3441711
3465124
3488537
3511950
3535363
3558776
3582189
3605602
3629015
3652428
3675841
3699254
3722667
3746080
3769493
3792906
3816319
3839732
3863145
3886558
3909971
3933384
3956797
3980210
4003623
4027036
4050449
4073862
4097275
4120688
4144101
4167514
4190927
4214340
4237753
4261166
4284579
4307992
4331405
4354818
4378231
4401644
4425057
4448470
4471883
4495296
4518709
4542122
4565535
4588948
4612361
4635774
4659187
4682600
2147463847
-2147463847
23413
46826
70239
93652
117065
140478
163891
187304
210717
234130
257543
280956
304369
327782
351195
374608
398021
421434
444847
468260
491673
515086
538499
561912
585325
608738
632151
655564
678977
702390
725803
749216
772629
796042
819455
842868
866281
889694
913107
936520
959933
983346
1006759
1030172
1053585
1076998
1100411
1123824
1147237
1170650
1194063
1217476
1240889
1264302
1287715
1311128
1334541
1357954
1381367
1404780
1428193
1451606
1475019
1498432
1521845
1545258
1568671
1592084
1615497
1638910
1662323
1685736
1709149
1732562
1755975
1779388
1802801
1826214
1849627
1873040
1896453
1919866
1943279
1966692
1990105
2013518
2036931
2060344
2083757
2107170
2130583
2153996
2177409
2200822
2224235
2247648
2271061
2294474
2317887
2341300
2364713
2388126
2411539
2434952
2458365
2481778
2505191
2528604
2552017
2575430
2598843
2622256
2645669
2669082
2692495
2715908
2739321
2762734
2786147
2809560
2832973
2856386
2879799
2903212
2926625
2950038
2973451
2996864
3020277
3043690
3067103
3090516
3113929
3137342
3160755
3184168
3207581
3230994
3254407
3277820
3301233
3324646
3348059
3371472
3394885
3418298
3441711
3465124
3488537
3511950
3535363
3558776
3582189
3605602
3629015
3652428
3675841
3699254
3722667
3746080
3769493
3792906
3816319
3839732
3863145
3886558
3909971
3933384
3956797
3980210
4003623
4027036
4050449
4073862
4097275
4120688
4144101
4167514
4190927
4214340
4237753
4261166
4284579
4307992
4331405
4354818
4378231
4401644
4425057
4448470
4471883
4495296
4518709
4542122
4565535
4588948
4612361
4635774
4659187
1
2
3
4
5
6
7
8
9
10
11
12
13
14
15
16
17
18
19
20
21
22
23
24
25
26
27
28
29
30
31
32
33
34
35
36
37
38
39
40
41
42
43
44
45
46
47
48
49
50
51
52
53
54
55
56
57
58
59
60
61
62
63
64
65
66
67
68
69
70
71
72
73
74
75
76
77
78
79
80
81
82
83
84
85
86
87
88
89
90
91
92
93
94
95
96
97
98
99
100
