46826
70239
93652
117065
140478
163891
187304
210717
234130
257543
280956
304369
327782
351195
374608
398021
421434
444847
468260
491673
515086
538499
561912
585325
608738
632151
655564
678977
702390
725803
749216
772629
796042
819455
842868
866281
889694
913107
936520
959933
983346
1006759
1030172
1053585
1076998
1100411
1123824
1147237
1170650
1194063
1217476
1240889
1264302
1287715
1311128
1334541
1357954
1381367
1404780
1428193
1451606
1475019
1498432
1521845
1545258
1568671
1592084
1615497
1638910
1662323
1685736
1709149
1732562
1755975
1779388
1802801
1826214
1849627
1873040
1896453
1919866
1943279
1966692
1990105
2013518
2036931
2060344
2083757
2107170
2130583
2153996
2177409
2200822
2224235
2247648
2271061
2294474
2317887
2341300
2364713
-2147463847
23413
46826
70239
93652
117065
140478
163891
187304
210717
234130
257543
280956
304369
327782
351195
374608
398021
421434
444847
468260
491673
515086
538499
561912
585325
608738
632151
655564
678977
702390
725803
749216
772629
796042
819455
842868
866281
889694
913107
936520
959933
983346
1006759
1030172
1053585
1076998
1100411
1123824
1147237
1
2
3
4
5
6
7
8
9
10
11
12
13
14
15
16
17
18
19
20
21
22
23
24
25
26
27
28
29
30
31
32
33
34
35
36
37
38
39
40
41
42
43
44
45
46
47
48
49
50
51
52
53
54
55
56
57
58
59
60
61
62
63
64
65
66
67
68
69
70
71
72
73
74
75
76
77
78
79
80
81
82
83
84
85
86
87
88
89
90
91
92
93
94
95
96
97
98
99
100
101
102
103
104
105
106
107
108
109
110
111
112
113
114
115
116
117
118
119
120
121
122
123
124
125
126
127
128
129
130
131
132
133
134
135
136
137
138
139
140
141
142
143
144
145
146
147
148
149
150
151
152
153
154
155
156
157
158
159
160
161
162
163
164
165
166
167
168
169
170
171
172
173
174
175
176
177
178
179
180
181
182
183
184
185
186
187
188
189
190
191
192
193
194
195
196
197
198
199
200
